[debug] [2021-04-16T13:20:20.598Z] ----------------------------------------------------------------------
[debug] [2021-04-16T13:20:20.606Z] Command:       /usr/bin/node /usr/bin/firebase deploy
[debug] [2021-04-16T13:20:20.607Z] CLI Version:   9.10.0
[debug] [2021-04-16T13:20:20.608Z] Platform:      linux
[debug] [2021-04-16T13:20:20.608Z] Node Version:  v15.12.0
[debug] [2021-04-16T13:20:20.610Z] Time:          Fri Apr 16 2021 18:50:20 GMT+0530 (India Standard Time)
[debug] [2021-04-16T13:20:20.610Z] ----------------------------------------------------------------------
[debug] 
[debug] [2021-04-16T13:20:20.642Z] > command requires scopes: ["email","openid","https://www.googleapis.com/auth/cloudplatformprojects.readonly","https://www.googleapis.com/auth/firebase","https://www.googleapis.com/auth/cloud-platform"]
[debug] [2021-04-16T13:20:20.643Z] > authorizing via signed-in user (suhail.zahed@gmail.com)
[debug] [2021-04-16T13:20:20.643Z] [iam] checking project suhail-f1d6e for permissions ["cloudfunctions.functions.create","cloudfunctions.functions.delete","cloudfunctions.functions.get","cloudfunctions.functions.list","cloudfunctions.functions.update","cloudfunctions.operations.get","firebase.projects.get"]
[debug] [2021-04-16T13:20:20.651Z] >>> HTTP REQUEST POST https://cloudresourcemanager.googleapis.com/v1/projects/suhail-f1d6e:testIamPermissions  
 {"permissions":["cloudfunctions.functions.create","cloudfunctions.functions.delete","cloudfunctions.functions.get","cloudfunctions.functions.list","cloudfunctions.functions.update","cloudfunctions.operations.get","firebase.projects.get"]}
[debug] [2021-04-16T13:20:22.060Z] <<< HTTP RESPONSE 200 {"content-type":"application/json; charset=UTF-8","vary":"X-Origin, Referer, Origin,Accept-Encoding","date":"Fri, 16 Apr 2021 07:49:23 GMT","server":"ESF","cache-control":"private","x-xss-protection":"0","x-frame-options":"SAMEORIGIN","x-content-type-options":"nosniff","server-timing":"gfet4t7; dur=1169","alt-svc":"h3-29=\":443\"; ma=2592000,h3-T051=\":443\"; ma=2592000,h3-Q050=\":443\"; ma=2592000,h3-Q046=\":443\"; ma=2592000,h3-Q043=\":443\"; ma=2592000,quic=\":443\"; ma=2592000; v=\"46,43\"","accept-ranges":"none","transfer-encoding":"chunked"}
[debug] [2021-04-16T13:20:22.064Z] >>> HTTP REQUEST POST https://iam.googleapis.com/v1/projects/suhail-f1d6e/serviceAccounts/suhail-f1d6e@appspot.gserviceaccount.com:testIamPermissions  
 {"permissions":["iam.serviceAccounts.actAs"]}
[debug] [2021-04-16T13:20:23.605Z] <<< HTTP RESPONSE 200 {"content-type":"application/json; charset=UTF-8","vary":"X-Origin, Referer, Origin,Accept-Encoding","date":"Fri, 16 Apr 2021 07:49:25 GMT","server":"ESF","cache-control":"private","x-xss-protection":"0","x-frame-options":"SAMEORIGIN","x-content-type-options":"nosniff","alt-svc":"h3-29=\":443\"; ma=2592000,h3-T051=\":443\"; ma=2592000,h3-Q050=\":443\"; ma=2592000,h3-Q046=\":443\"; ma=2592000,h3-Q043=\":443\"; ma=2592000,quic=\":443\"; ma=2592000; v=\"46,43\"","accept-ranges":"none","transfer-encoding":"chunked"}
[warn] ⚠  functions: package.json indicates an outdated version of firebase-functions.
Please upgrade using npm install --save firebase-functions@latest in your functions directory. 
[info] 
[info] === Deploying to 'suhail-f1d6e'...
[info] 
[info] i  deploying functions 
[info] ✔  functions: Finished running predeploy script. 
[info] i  functions: ensuring required API cloudfunctions.googleapis.com is enabled... 
[info] i  functions: ensuring required API cloudbuild.googleapis.com is enabled... 
[debug] [2021-04-16T13:20:27.579Z] >>> HTTP REQUEST GET https://serviceusage.googleapis.com/v1/projects/suhail-f1d6e/services/cloudfunctions.googleapis.com  
 
[debug] [2021-04-16T13:20:27.581Z] >>> HTTP REQUEST GET https://serviceusage.googleapis.com/v1/projects/suhail-f1d6e/services/runtimeconfig.googleapis.com  
 
[debug] [2021-04-16T13:20:27.582Z] >>> HTTP REQUEST GET https://serviceusage.googleapis.com/v1/projects/suhail-f1d6e/services/cloudbuild.googleapis.com  
 
[debug] [2021-04-16T13:20:29.187Z] <<< HTTP RESPONSE 200 {"content-type":"application/json; charset=UTF-8","vary":"X-Origin, Referer, Origin,Accept-Encoding","date":"Fri, 16 Apr 2021 07:49:30 GMT","server":"ESF","cache-control":"private","x-xss-protection":"0","x-frame-options":"SAMEORIGIN","x-content-type-options":"nosniff","alt-svc":"h3-29=\":443\"; ma=2592000,h3-T051=\":443\"; ma=2592000,h3-Q050=\":443\"; ma=2592000,h3-Q046=\":443\"; ma=2592000,h3-Q043=\":443\"; ma=2592000,quic=\":443\"; ma=2592000; v=\"46,43\"","accept-ranges":"none","transfer-encoding":"chunked"}
[debug] [2021-04-16T13:20:29.199Z] <<< HTTP RESPONSE 200 {"content-type":"application/json; charset=UTF-8","vary":"X-Origin, Referer, Origin,Accept-Encoding","date":"Fri, 16 Apr 2021 07:49:30 GMT","server":"ESF","cache-control":"private","x-xss-protection":"0","x-frame-options":"SAMEORIGIN","x-content-type-options":"nosniff","alt-svc":"h3-29=\":443\"; ma=2592000,h3-T051=\":443\"; ma=2592000,h3-Q050=\":443\"; ma=2592000,h3-Q046=\":443\"; ma=2592000,h3-Q043=\":443\"; ma=2592000,quic=\":443\"; ma=2592000; v=\"46,43\"","accept-ranges":"none","transfer-encoding":"chunked"}
[info] ✔  functions: required API cloudbuild.googleapis.com is enabled 
[debug] [2021-04-16T13:20:29.216Z] <<< HTTP RESPONSE 200 {"content-type":"application/json; charset=UTF-8","vary":"X-Origin, Referer, Origin,Accept-Encoding","date":"Fri, 16 Apr 2021 07:49:30 GMT","server":"ESF","cache-control":"private","x-xss-protection":"0","x-frame-options":"SAMEORIGIN","x-content-type-options":"nosniff","alt-svc":"h3-29=\":443\"; ma=2592000,h3-T051=\":443\"; ma=2592000,h3-Q050=\":443\"; ma=2592000,h3-Q046=\":443\"; ma=2592000,h3-Q043=\":443\"; ma=2592000,quic=\":443\"; ma=2592000; v=\"46,43\"","accept-ranges":"none","transfer-encoding":"chunked"}
[info] ✔  functions: required API cloudfunctions.googleapis.com is enabled 
[debug] [2021-04-16T13:20:29.218Z] >>> HTTP REQUEST GET https://firebase.googleapis.com/v1beta1/projects/suhail-f1d6e/adminSdkConfig  
 
[debug] [2021-04-16T13:20:29.798Z] <<< HTTP RESPONSE 200 {"content-type":"application/json; charset=UTF-8","vary":"X-Origin, Referer, Origin,Accept-Encoding","date":"Fri, 16 Apr 2021 07:49:31 GMT","server":"ESF","cache-control":"private","x-xss-protection":"0","x-frame-options":"SAMEORIGIN","x-content-type-options":"nosniff","alt-svc":"h3-29=\":443\"; ma=2592000,h3-T051=\":443\"; ma=2592000,h3-Q050=\":443\"; ma=2592000,h3-Q046=\":443\"; ma=2592000,h3-Q043=\":443\"; ma=2592000,quic=\":443\"; ma=2592000; v=\"46,43\"","accept-ranges":"none","transfer-encoding":"chunked"}
[info] i  functions: preparing functions directory for uploading... 
[debug] [2021-04-16T13:20:29.801Z] >>> HTTP REQUEST GET https://runtimeconfig.googleapis.com/v1beta1/projects/suhail-f1d6e/configs  
 
[debug] [2021-04-16T13:20:30.283Z] <<< HTTP RESPONSE 200 {"content-type":"application/json; charset=UTF-8","vary":"X-Origin, Referer, Origin,Accept-Encoding","date":"Fri, 16 Apr 2021 07:49:31 GMT","server":"ESF","cache-control":"private","x-xss-protection":"0","x-frame-options":"SAMEORIGIN","x-content-type-options":"nosniff","alt-svc":"h3-29=\":443\"; ma=2592000,h3-T051=\":443\"; ma=2592000,h3-Q050=\":443\"; ma=2592000,h3-Q046=\":443\"; ma=2592000,h3-Q043=\":443\"; ma=2592000,quic=\":443\"; ma=2592000; v=\"46,43\"","accept-ranges":"none","transfer-encoding":"chunked"}
[info] i  functions: packaged functions (120 KB) for uploading 
[debug] [2021-04-16T13:20:30.726Z] > [functions] package.json contents: {
  "name": "functions",
  "description": "Cloud Functions for Firebase",
  "scripts": {
    "lint": "eslint .",
    "serve": "firebase serve --only functions",
    "shell": "firebase functions:shell",
    "start": "npm run shell",
    "deploy": "firebase deploy --only functions",
    "logs": "firebase functions:log"
  },
  "dependencies": {
    "cors": "^2.8.4",
    "express": "^4.16.3",
    "firebase-admin": "~5.13.0",
    "firebase-functions": "^2.0.0"
  },
  "devDependencies": {
    "eslint": "^4.12.0",
    "eslint-plugin-promise": "^3.6.0"
  },
  "private": true
}
[debug] [2021-04-16T13:20:30.728Z] >>> HTTP REQUEST GET https://cloudfunctions.googleapis.com/v1/projects/suhail-f1d6e/locations/-/functions  
 
[debug] [2021-04-16T13:20:31.384Z] <<< HTTP RESPONSE 200 {"content-type":"application/json; charset=UTF-8","vary":"X-Origin, Referer, Origin,Accept-Encoding","date":"Fri, 16 Apr 2021 07:49:32 GMT","server":"ESF","cache-control":"private","x-xss-protection":"0","x-frame-options":"SAMEORIGIN","x-content-type-options":"nosniff","alt-svc":"h3-29=\":443\"; ma=2592000,h3-T051=\":443\"; ma=2592000,h3-Q050=\":443\"; ma=2592000,h3-Q046=\":443\"; ma=2592000,h3-Q043=\":443\"; ma=2592000,quic=\":443\"; ma=2592000; v=\"46,43\"","accept-ranges":"none","transfer-encoding":"chunked"}
[debug] [2021-04-16T13:20:31.387Z] >>> HTTP REQUEST POST https://cloudfunctions.googleapis.com/v1/projects/suhail-f1d6e/locations/us-central1/functions:generateUploadUrl  
 
[debug] [2021-04-16T13:20:32.196Z] <<< HTTP RESPONSE 200 {"content-type":"application/json; charset=UTF-8","vary":"X-Origin, Referer, Origin,Accept-Encoding","date":"Fri, 16 Apr 2021 07:49:33 GMT","server":"ESF","cache-control":"private","x-xss-protection":"0","x-frame-options":"SAMEORIGIN","x-content-type-options":"nosniff","alt-svc":"h3-29=\":443\"; ma=2592000,h3-T051=\":443\"; ma=2592000,h3-Q050=\":443\"; ma=2592000,h3-Q046=\":443\"; ma=2592000,h3-Q043=\":443\"; ma=2592000,quic=\":443\"; ma=2592000; v=\"46,43\"","accept-ranges":"none","transfer-encoding":"chunked"}
[debug] [2021-04-16T13:20:32.199Z] >>> HTTP REQUEST PUT https://storage.googleapis.com/gcf-upload-us-central1-bb69f122-4e96-4279-b3d8-6de22b29c5ed/55440830-d0f4-4fc0-b240-2279e350d809.zip?GoogleAccessId=service-1077938571585@gcf-admin-robot.iam.gserviceaccount.com&Expires=1618561173&Signature=nNYLkTu%2FMUkx5wBQVkeKxVNQvSWhAIYoDIXlATUmQ0mQSProB3u%2BzUEJ7gp1%2FXXb5LzqsBp4e3K4XzNoIAffFEIeVH8eJt9VYlilC3osTguHGS2eDQdgqS3yudm5f6gXiiwEybxGy3b2lBPBcBNhwuImofQ0j8d5NrcEdqwcUHLO8KhiZGIxK3fHimQz9jHxhOVuwM60oHA%2FmHNnNlJC%2Ff5B%2FVOFWoBURIRYdJNdyY8uQbPlXhe3I2MLqnbuHzx%2BCmjHLnsfwPYYU7Yc2XQD9dBhLtxtfV8aGZQyoT%2F%2Fu9i%2F%2FwAINj4dBairkKZk3dSUzKlO9%2BgE%2B2MJPHtKWDbNtA%3D%3D  
 <request body omitted>
[debug] [2021-04-16T13:20:32.744Z] <<< HTTP RESPONSE 200 {"x-guploader-uploadid":"ABg5-UxPi3lD35hcGeMTdwGgb6S-aFJN_wnlcCOD6dLX0lXHdr3YcyyNDT5uYOUB4UKIgNArh0I-vukzVl2F4F2fqyE","etag":"\"2a5a7f4dc1d423a44983850d5537eeff\"","x-goog-generation":"1618559374214856","x-goog-metageneration":"1","x-goog-hash":"crc32c=CHsCcg==, md5=Klp/TcHUI6RJg4UNVTfu/w==","x-goog-stored-content-length":"122881","x-goog-stored-content-encoding":"identity","vary":"Origin","content-length":"0","date":"Fri, 16 Apr 2021 07:49:34 GMT","server":"UploadServer","content-type":"text/html; charset=UTF-8","alt-svc":"h3-29=\":443\"; ma=2592000,h3-T051=\":443\"; ma=2592000,h3-Q050=\":443\"; ma=2592000,h3-Q046=\":443\"; ma=2592000,h3-Q043=\":443\"; ma=2592000,quic=\":443\"; ma=2592000; v=\"46,43\""}
[info] ✔  functions: functions folder uploaded successfully 
[info] i  functions: updating Node.js 12 function endpoints(us-central1)... 
[debug] [2021-04-16T13:20:32.757Z] >>> HTTP REQUEST PATCH https://cloudfunctions.googleapis.com/v1/projects/suhail-f1d6e/locations/us-central1/functions/endpoints {"updateMask":"sourceUploadUrl,name,labels,runtime,environmentVariables,httpsTrigger"} 
 {"sourceUploadUrl":"https://storage.googleapis.com/gcf-upload-us-central1-bb69f122-4e96-4279-b3d8-6de22b29c5ed/55440830-d0f4-4fc0-b240-2279e350d809.zip?GoogleAccessId=service-1077938571585@gcf-admin-robot.iam.gserviceaccount.com&Expires=1618561173&Signature=nNYLkTu%2FMUkx5wBQVkeKxVNQvSWhAIYoDIXlATUmQ0mQSProB3u%2BzUEJ7gp1%2FXXb5LzqsBp4e3K4XzNoIAffFEIeVH8eJt9VYlilC3osTguHGS2eDQdgqS3yudm5f6gXiiwEybxGy3b2lBPBcBNhwuImofQ0j8d5NrcEdqwcUHLO8KhiZGIxK3fHimQz9jHxhOVuwM60oHA%2FmHNnNlJC%2Ff5B%2FVOFWoBURIRYdJNdyY8uQbPlXhe3I2MLqnbuHzx%2BCmjHLnsfwPYYU7Yc2XQD9dBhLtxtfV8aGZQyoT%2F%2Fu9i%2F%2FwAINj4dBairkKZk3dSUzKlO9%2BgE%2B2MJPHtKWDbNtA%3D%3D","name":"projects/suhail-f1d6e/locations/us-central1/functions/endpoints","labels":{"deployment-tool":"cli-firebase"},"httpsTrigger":{},"runtime":"nodejs12","environmentVariables":{"FIREBASE_CONFIG":"{\"projectId\":\"suhail-f1d6e\",\"databaseURL\":\"https://suhail-f1d6e-default-rtdb.firebaseio.com\",\"storageBucket\":\"suhail-f1d6e.appspot.com\",\"locationId\":\"us-central\"}"}}
[debug] [2021-04-16T13:20:33.638Z] <<< HTTP RESPONSE 200 {"content-type":"application/json; charset=UTF-8","vary":"X-Origin, Referer, Origin,Accept-Encoding","date":"Fri, 16 Apr 2021 07:49:35 GMT","server":"ESF","cache-control":"private","x-xss-protection":"0","x-frame-options":"SAMEORIGIN","x-content-type-options":"nosniff","alt-svc":"h3-29=\":443\"; ma=2592000,h3-T051=\":443\"; ma=2592000,h3-Q050=\":443\"; ma=2592000,h3-Q046=\":443\"; ma=2592000,h3-Q043=\":443\"; ma=2592000,quic=\":443\"; ma=2592000; v=\"46,43\"","accept-ranges":"none","transfer-encoding":"chunked"}
[debug] [2021-04-16T13:20:33.645Z] > refreshing access token with scopes: []
[debug] [2021-04-16T13:20:33.646Z] >>> HTTP REQUEST POST https://www.googleapis.com/oauth2/v3/token  
 <request body omitted>
[debug] [2021-04-16T13:20:33.804Z] <<< HTTP RESPONSE 200 {"date":"Fri, 16 Apr 2021 07:49:35 GMT","pragma":"no-cache","cache-control":"no-cache, no-store, max-age=0, must-revalidate","expires":"Mon, 01 Jan 1990 00:00:00 GMT","content-type":"application/json; charset=utf-8","vary":"X-Origin, Referer, Origin,Accept-Encoding","server":"scaffolding on HTTPServer2","x-xss-protection":"0","x-frame-options":"SAMEORIGIN","x-content-type-options":"nosniff","alt-svc":"h3-29=\":443\"; ma=2592000,h3-T051=\":443\"; ma=2592000,h3-Q050=\":443\"; ma=2592000,h3-Q046=\":443\"; ma=2592000,h3-Q043=\":443\"; ma=2592000,quic=\":443\"; ma=2592000; v=\"46,43\"","accept-ranges":"none","transfer-encoding":"chunked"}
[debug] [2021-04-16T13:20:33.911Z] >>> [apiv2][query] GET https://cloudfunctions.googleapis.com/v1/operations/c3VoYWlsLWYxZDZlL3VzLWNlbnRyYWwxL2VuZHBvaW50cy8wREg2TkllMlp1cw [none]
[debug] [2021-04-16T13:20:34.350Z] <<< [apiv2][status] GET https://cloudfunctions.googleapis.com/v1/operations/c3VoYWlsLWYxZDZlL3VzLWNlbnRyYWwxL2VuZHBvaW50cy8wREg2TkllMlp1cw 200
[debug] [2021-04-16T13:20:34.351Z] <<< [apiv2][body] GET https://cloudfunctions.googleapis.com/v1/operations/c3VoYWlsLWYxZDZlL3VzLWNlbnRyYWwxL2VuZHBvaW50cy8wREg2TkllMlp1cw {"name":"operations/c3VoYWlsLWYxZDZlL3VzLWNlbnRyYWwxL2VuZHBvaW50cy8wREg2TkllMlp1cw","metadata":{"@type":"type.googleapis.com/google.cloud.functions.v1.OperationMetadataV1","target":"projects/suhail-f1d6e/locations/us-central1/functions/endpoints","type":"UPDATE_FUNCTION","request":{"@type":"type.googleapis.com/google.cloud.functions.v1.CloudFunction","name":"projects/suhail-f1d6e/locations/us-central1/functions/endpoints","httpsTrigger":{},"status":"ACTIVE","entryPoint":"endpoints","timeout":"60s","availableMemoryMb":256,"serviceAccountEmail":"suhail-f1d6e@appspot.gserviceaccount.com","updateTime":"2021-04-16T07:40:45.404Z","versionId":"1","labels":{"deployment-tool":"cli-firebase"},"sourceUploadUrl":"https://storage.googleapis.com/gcf-upload-us-central1-bb69f122-4e96-4279-b3d8-6de22b29c5ed/55440830-d0f4-4fc0-b240-2279e350d809.zip?GoogleAccessId=service-1077938571585@gcf-admin-robot.iam.gserviceaccount.com&Expires=1618561173&Signature=nNYLkTu%2FMUkx5wBQVkeKxVNQvSWhAIYoDIXlATUmQ0mQSProB3u%2BzUEJ7gp1%2FXXb5LzqsBp4e3K4XzNoIAffFEIeVH8eJt9VYlilC3osTguHGS2eDQdgqS3yudm5f6gXiiwEybxGy3b2lBPBcBNhwuImofQ0j8d5NrcEdqwcUHLO8KhiZGIxK3fHimQz9jHxhOVuwM60oHA%2FmHNnNlJC%2Ff5B%2FVOFWoBURIRYdJNdyY8uQbPlXhe3I2MLqnbuHzx%2BCmjHLnsfwPYYU7Yc2XQD9dBhLtxtfV8aGZQyoT%2F%2Fu9i%2F%2FwAINj4dBairkKZk3dSUzKlO9%2BgE%2B2MJPHtKWDbNtA%3D%3D","environmentVariables":{"FIREBASE_CONFIG":"{\"projectId\":\"suhail-f1d6e\",\"databaseURL\":\"https://suhail-f1d6e-default-rtdb.firebaseio.com\",\"storageBucket\":\"suhail-f1d6e.appspot.com\",\"locationId\":\"us-central\"}"},"runtime":"nodejs12","ingressSettings":"ALLOW_ALL","buildId":"94c5cdca-3e71-46f2-b8b7-c6ea216cf268"},"versionId":"2","updateTime":"2021-04-16T07:49:35Z"}}
[debug] [2021-04-16T13:20:34.855Z] [update-projects/suhail-f1d6e/locations/us-central1/functions/endpoints] Retrying task index 0
[debug] [2021-04-16T13:20:34.857Z] >>> [apiv2][query] GET https://cloudfunctions.googleapis.com/v1/operations/c3VoYWlsLWYxZDZlL3VzLWNlbnRyYWwxL2VuZHBvaW50cy8wREg2TkllMlp1cw [none]
[debug] [2021-04-16T13:20:35.291Z] <<< [apiv2][status] GET https://cloudfunctions.googleapis.com/v1/operations/c3VoYWlsLWYxZDZlL3VzLWNlbnRyYWwxL2VuZHBvaW50cy8wREg2TkllMlp1cw 200
[debug] [2021-04-16T13:20:35.292Z] <<< [apiv2][body] GET https://cloudfunctions.googleapis.com/v1/operations/c3VoYWlsLWYxZDZlL3VzLWNlbnRyYWwxL2VuZHBvaW50cy8wREg2TkllMlp1cw {"name":"operations/c3VoYWlsLWYxZDZlL3VzLWNlbnRyYWwxL2VuZHBvaW50cy8wREg2TkllMlp1cw","metadata":{"@type":"type.googleapis.com/google.cloud.functions.v1.OperationMetadataV1","target":"projects/suhail-f1d6e/locations/us-central1/functions/endpoints","type":"UPDATE_FUNCTION","request":{"@type":"type.googleapis.com/google.cloud.functions.v1.CloudFunction","name":"projects/suhail-f1d6e/locations/us-central1/functions/endpoints","httpsTrigger":{},"status":"ACTIVE","entryPoint":"endpoints","timeout":"60s","availableMemoryMb":256,"serviceAccountEmail":"suhail-f1d6e@appspot.gserviceaccount.com","updateTime":"2021-04-16T07:40:45.404Z","versionId":"1","labels":{"deployment-tool":"cli-firebase"},"sourceUploadUrl":"https://storage.googleapis.com/gcf-upload-us-central1-bb69f122-4e96-4279-b3d8-6de22b29c5ed/55440830-d0f4-4fc0-b240-2279e350d809.zip?GoogleAccessId=service-1077938571585@gcf-admin-robot.iam.gserviceaccount.com&Expires=1618561173&Signature=nNYLkTu%2FMUkx5wBQVkeKxVNQvSWhAIYoDIXlATUmQ0mQSProB3u%2BzUEJ7gp1%2FXXb5LzqsBp4e3K4XzNoIAffFEIeVH8eJt9VYlilC3osTguHGS2eDQdgqS3yudm5f6gXiiwEybxGy3b2lBPBcBNhwuImofQ0j8d5NrcEdqwcUHLO8KhiZGIxK3fHimQz9jHxhOVuwM60oHA%2FmHNnNlJC%2Ff5B%2FVOFWoBURIRYdJNdyY8uQbPlXhe3I2MLqnbuHzx%2BCmjHLnsfwPYYU7Yc2XQD9dBhLtxtfV8aGZQyoT%2F%2Fu9i%2F%2FwAINj4dBairkKZk3dSUzKlO9%2BgE%2B2MJPHtKWDbNtA%3D%3D","environmentVariables":{"FIREBASE_CONFIG":"{\"projectId\":\"suhail-f1d6e\",\"databaseURL\":\"https://suhail-f1d6e-default-rtdb.firebaseio.com\",\"storageBucket\":\"suhail-f1d6e.appspot.com\",\"locationId\":\"us-central\"}"},"runtime":"nodejs12","ingressSettings":"ALLOW_ALL","buildId":"94c5cdca-3e71-46f2-b8b7-c6ea216cf268"},"versionId":"2","updateTime":"2021-04-16T07:49:35Z","buildId":"4644addc-934f-47ad-b69d-2efe84e9b077"}}
[debug] [2021-04-16T13:20:36.293Z] [update-projects/suhail-f1d6e/locations/us-central1/functions/endpoints] Retrying task index 0
[debug] [2021-04-16T13:20:36.295Z] >>> [apiv2][query] GET https://cloudfunctions.googleapis.com/v1/operations/c3VoYWlsLWYxZDZlL3VzLWNlbnRyYWwxL2VuZHBvaW50cy8wREg2TkllMlp1cw [none]
[debug] [2021-04-16T13:20:36.773Z] <<< [apiv2][status] GET https://cloudfunctions.googleapis.com/v1/operations/c3VoYWlsLWYxZDZlL3VzLWNlbnRyYWwxL2VuZHBvaW50cy8wREg2TkllMlp1cw 200
[debug] [2021-04-16T13:20:36.774Z] <<< [apiv2][body] GET https://cloudfunctions.googleapis.com/v1/operations/c3VoYWlsLWYxZDZlL3VzLWNlbnRyYWwxL2VuZHBvaW50cy8wREg2TkllMlp1cw {"name":"operations/c3VoYWlsLWYxZDZlL3VzLWNlbnRyYWwxL2VuZHBvaW50cy8wREg2TkllMlp1cw","metadata":{"@type":"type.googleapis.com/google.cloud.functions.v1.OperationMetadataV1","target":"projects/suhail-f1d6e/locations/us-central1/functions/endpoints","type":"UPDATE_FUNCTION","request":{"@type":"type.googleapis.com/google.cloud.functions.v1.CloudFunction","name":"projects/suhail-f1d6e/locations/us-central1/functions/endpoints","httpsTrigger":{},"status":"ACTIVE","entryPoint":"endpoints","timeout":"60s","availableMemoryMb":256,"serviceAccountEmail":"suhail-f1d6e@appspot.gserviceaccount.com","updateTime":"2021-04-16T07:40:45.404Z","versionId":"1","labels":{"deployment-tool":"cli-firebase"},"sourceUploadUrl":"https://storage.googleapis.com/gcf-upload-us-central1-bb69f122-4e96-4279-b3d8-6de22b29c5ed/55440830-d0f4-4fc0-b240-2279e350d809.zip?GoogleAccessId=service-1077938571585@gcf-admin-robot.iam.gserviceaccount.com&Expires=1618561173&Signature=nNYLkTu%2FMUkx5wBQVkeKxVNQvSWhAIYoDIXlATUmQ0mQSProB3u%2BzUEJ7gp1%2FXXb5LzqsBp4e3K4XzNoIAffFEIeVH8eJt9VYlilC3osTguHGS2eDQdgqS3yudm5f6gXiiwEybxGy3b2lBPBcBNhwuImofQ0j8d5NrcEdqwcUHLO8KhiZGIxK3fHimQz9jHxhOVuwM60oHA%2FmHNnNlJC%2Ff5B%2FVOFWoBURIRYdJNdyY8uQbPlXhe3I2MLqnbuHzx%2BCmjHLnsfwPYYU7Yc2XQD9dBhLtxtfV8aGZQyoT%2F%2Fu9i%2F%2FwAINj4dBairkKZk3dSUzKlO9%2BgE%2B2MJPHtKWDbNtA%3D%3D","environmentVariables":{"FIREBASE_CONFIG":"{\"projectId\":\"suhail-f1d6e\",\"databaseURL\":\"https://suhail-f1d6e-default-rtdb.firebaseio.com\",\"storageBucket\":\"suhail-f1d6e.appspot.com\",\"locationId\":\"us-central\"}"},"runtime":"nodejs12","ingressSettings":"ALLOW_ALL","buildId":"94c5cdca-3e71-46f2-b8b7-c6ea216cf268"},"versionId":"2","updateTime":"2021-04-16T07:49:35Z","buildId":"4644addc-934f-47ad-b69d-2efe84e9b077"}}
[debug] [2021-04-16T13:20:38.776Z] [update-projects/suhail-f1d6e/locations/us-central1/functions/endpoints] Retrying task index 0
[debug] [2021-04-16T13:20:38.778Z] >>> [apiv2][query] GET https://cloudfunctions.googleapis.com/v1/operations/c3VoYWlsLWYxZDZlL3VzLWNlbnRyYWwxL2VuZHBvaW50cy8wREg2TkllMlp1cw [none]
[debug] [2021-04-16T13:20:39.276Z] <<< [apiv2][status] GET https://cloudfunctions.googleapis.com/v1/operations/c3VoYWlsLWYxZDZlL3VzLWNlbnRyYWwxL2VuZHBvaW50cy8wREg2TkllMlp1cw 200
[debug] [2021-04-16T13:20:39.276Z] <<< [apiv2][body] GET https://cloudfunctions.googleapis.com/v1/operations/c3VoYWlsLWYxZDZlL3VzLWNlbnRyYWwxL2VuZHBvaW50cy8wREg2TkllMlp1cw {"name":"operations/c3VoYWlsLWYxZDZlL3VzLWNlbnRyYWwxL2VuZHBvaW50cy8wREg2TkllMlp1cw","metadata":{"@type":"type.googleapis.com/google.cloud.functions.v1.OperationMetadataV1","target":"projects/suhail-f1d6e/locations/us-central1/functions/endpoints","type":"UPDATE_FUNCTION","request":{"@type":"type.googleapis.com/google.cloud.functions.v1.CloudFunction","name":"projects/suhail-f1d6e/locations/us-central1/functions/endpoints","httpsTrigger":{},"status":"ACTIVE","entryPoint":"endpoints","timeout":"60s","availableMemoryMb":256,"serviceAccountEmail":"suhail-f1d6e@appspot.gserviceaccount.com","updateTime":"2021-04-16T07:40:45.404Z","versionId":"1","labels":{"deployment-tool":"cli-firebase"},"sourceUploadUrl":"https://storage.googleapis.com/gcf-upload-us-central1-bb69f122-4e96-4279-b3d8-6de22b29c5ed/55440830-d0f4-4fc0-b240-2279e350d809.zip?GoogleAccessId=service-1077938571585@gcf-admin-robot.iam.gserviceaccount.com&Expires=1618561173&Signature=nNYLkTu%2FMUkx5wBQVkeKxVNQvSWhAIYoDIXlATUmQ0mQSProB3u%2BzUEJ7gp1%2FXXb5LzqsBp4e3K4XzNoIAffFEIeVH8eJt9VYlilC3osTguHGS2eDQdgqS3yudm5f6gXiiwEybxGy3b2lBPBcBNhwuImofQ0j8d5NrcEdqwcUHLO8KhiZGIxK3fHimQz9jHxhOVuwM60oHA%2FmHNnNlJC%2Ff5B%2FVOFWoBURIRYdJNdyY8uQbPlXhe3I2MLqnbuHzx%2BCmjHLnsfwPYYU7Yc2XQD9dBhLtxtfV8aGZQyoT%2F%2Fu9i%2F%2FwAINj4dBairkKZk3dSUzKlO9%2BgE%2B2MJPHtKWDbNtA%3D%3D","environmentVariables":{"FIREBASE_CONFIG":"{\"projectId\":\"suhail-f1d6e\",\"databaseURL\":\"https://suhail-f1d6e-default-rtdb.firebaseio.com\",\"storageBucket\":\"suhail-f1d6e.appspot.com\",\"locationId\":\"us-central\"}"},"runtime":"nodejs12","ingressSettings":"ALLOW_ALL","buildId":"94c5cdca-3e71-46f2-b8b7-c6ea216cf268"},"versionId":"2","updateTime":"2021-04-16T07:49:35Z","buildId":"4644addc-934f-47ad-b69d-2efe84e9b077"}}
[debug] [2021-04-16T13:20:43.280Z] [update-projects/suhail-f1d6e/locations/us-central1/functions/endpoints] Retrying task index 0
[debug] [2021-04-16T13:20:43.280Z] >>> [apiv2][query] GET https://cloudfunctions.googleapis.com/v1/operations/c3VoYWlsLWYxZDZlL3VzLWNlbnRyYWwxL2VuZHBvaW50cy8wREg2TkllMlp1cw [none]
[debug] [2021-04-16T13:20:43.781Z] <<< [apiv2][status] GET https://cloudfunctions.googleapis.com/v1/operations/c3VoYWlsLWYxZDZlL3VzLWNlbnRyYWwxL2VuZHBvaW50cy8wREg2TkllMlp1cw 200
[debug] [2021-04-16T13:20:43.781Z] <<< [apiv2][body] GET https://cloudfunctions.googleapis.com/v1/operations/c3VoYWlsLWYxZDZlL3VzLWNlbnRyYWwxL2VuZHBvaW50cy8wREg2TkllMlp1cw {"name":"operations/c3VoYWlsLWYxZDZlL3VzLWNlbnRyYWwxL2VuZHBvaW50cy8wREg2TkllMlp1cw","metadata":{"@type":"type.googleapis.com/google.cloud.functions.v1.OperationMetadataV1","target":"projects/suhail-f1d6e/locations/us-central1/functions/endpoints","type":"UPDATE_FUNCTION","request":{"@type":"type.googleapis.com/google.cloud.functions.v1.CloudFunction","name":"projects/suhail-f1d6e/locations/us-central1/functions/endpoints","httpsTrigger":{},"status":"ACTIVE","entryPoint":"endpoints","timeout":"60s","availableMemoryMb":256,"serviceAccountEmail":"suhail-f1d6e@appspot.gserviceaccount.com","updateTime":"2021-04-16T07:40:45.404Z","versionId":"1","labels":{"deployment-tool":"cli-firebase"},"sourceUploadUrl":"https://storage.googleapis.com/gcf-upload-us-central1-bb69f122-4e96-4279-b3d8-6de22b29c5ed/55440830-d0f4-4fc0-b240-2279e350d809.zip?GoogleAccessId=service-1077938571585@gcf-admin-robot.iam.gserviceaccount.com&Expires=1618561173&Signature=nNYLkTu%2FMUkx5wBQVkeKxVNQvSWhAIYoDIXlATUmQ0mQSProB3u%2BzUEJ7gp1%2FXXb5LzqsBp4e3K4XzNoIAffFEIeVH8eJt9VYlilC3osTguHGS2eDQdgqS3yudm5f6gXiiwEybxGy3b2lBPBcBNhwuImofQ0j8d5NrcEdqwcUHLO8KhiZGIxK3fHimQz9jHxhOVuwM60oHA%2FmHNnNlJC%2Ff5B%2FVOFWoBURIRYdJNdyY8uQbPlXhe3I2MLqnbuHzx%2BCmjHLnsfwPYYU7Yc2XQD9dBhLtxtfV8aGZQyoT%2F%2Fu9i%2F%2FwAINj4dBairkKZk3dSUzKlO9%2BgE%2B2MJPHtKWDbNtA%3D%3D","environmentVariables":{"FIREBASE_CONFIG":"{\"projectId\":\"suhail-f1d6e\",\"databaseURL\":\"https://suhail-f1d6e-default-rtdb.firebaseio.com\",\"storageBucket\":\"suhail-f1d6e.appspot.com\",\"locationId\":\"us-central\"}"},"runtime":"nodejs12","ingressSettings":"ALLOW_ALL","buildId":"94c5cdca-3e71-46f2-b8b7-c6ea216cf268"},"versionId":"2","updateTime":"2021-04-16T07:49:35Z","buildId":"4644addc-934f-47ad-b69d-2efe84e9b077"}}
[debug] [2021-04-16T13:20:51.789Z] [update-projects/suhail-f1d6e/locations/us-central1/functions/endpoints] Retrying task index 0
[debug] [2021-04-16T13:20:51.791Z] >>> [apiv2][query] GET https://cloudfunctions.googleapis.com/v1/operations/c3VoYWlsLWYxZDZlL3VzLWNlbnRyYWwxL2VuZHBvaW50cy8wREg2TkllMlp1cw [none]
[debug] [2021-04-16T13:20:52.274Z] <<< [apiv2][status] GET https://cloudfunctions.googleapis.com/v1/operations/c3VoYWlsLWYxZDZlL3VzLWNlbnRyYWwxL2VuZHBvaW50cy8wREg2TkllMlp1cw 200
[debug] [2021-04-16T13:20:52.278Z] <<< [apiv2][body] GET https://cloudfunctions.googleapis.com/v1/operations/c3VoYWlsLWYxZDZlL3VzLWNlbnRyYWwxL2VuZHBvaW50cy8wREg2TkllMlp1cw {"name":"operations/c3VoYWlsLWYxZDZlL3VzLWNlbnRyYWwxL2VuZHBvaW50cy8wREg2TkllMlp1cw","metadata":{"@type":"type.googleapis.com/google.cloud.functions.v1.OperationMetadataV1","target":"projects/suhail-f1d6e/locations/us-central1/functions/endpoints","type":"UPDATE_FUNCTION","request":{"@type":"type.googleapis.com/google.cloud.functions.v1.CloudFunction","name":"projects/suhail-f1d6e/locations/us-central1/functions/endpoints","httpsTrigger":{},"status":"ACTIVE","entryPoint":"endpoints","timeout":"60s","availableMemoryMb":256,"serviceAccountEmail":"suhail-f1d6e@appspot.gserviceaccount.com","updateTime":"2021-04-16T07:40:45.404Z","versionId":"1","labels":{"deployment-tool":"cli-firebase"},"sourceUploadUrl":"https://storage.googleapis.com/gcf-upload-us-central1-bb69f122-4e96-4279-b3d8-6de22b29c5ed/55440830-d0f4-4fc0-b240-2279e350d809.zip?GoogleAccessId=service-1077938571585@gcf-admin-robot.iam.gserviceaccount.com&Expires=1618561173&Signature=nNYLkTu%2FMUkx5wBQVkeKxVNQvSWhAIYoDIXlATUmQ0mQSProB3u%2BzUEJ7gp1%2FXXb5LzqsBp4e3K4XzNoIAffFEIeVH8eJt9VYlilC3osTguHGS2eDQdgqS3yudm5f6gXiiwEybxGy3b2lBPBcBNhwuImofQ0j8d5NrcEdqwcUHLO8KhiZGIxK3fHimQz9jHxhOVuwM60oHA%2FmHNnNlJC%2Ff5B%2FVOFWoBURIRYdJNdyY8uQbPlXhe3I2MLqnbuHzx%2BCmjHLnsfwPYYU7Yc2XQD9dBhLtxtfV8aGZQyoT%2F%2Fu9i%2F%2FwAINj4dBairkKZk3dSUzKlO9%2BgE%2B2MJPHtKWDbNtA%3D%3D","environmentVariables":{"FIREBASE_CONFIG":"{\"projectId\":\"suhail-f1d6e\",\"databaseURL\":\"https://suhail-f1d6e-default-rtdb.firebaseio.com\",\"storageBucket\":\"suhail-f1d6e.appspot.com\",\"locationId\":\"us-central\"}"},"runtime":"nodejs12","ingressSettings":"ALLOW_ALL","buildId":"94c5cdca-3e71-46f2-b8b7-c6ea216cf268"},"versionId":"2","updateTime":"2021-04-16T07:49:35Z","buildId":"4644addc-934f-47ad-b69d-2efe84e9b077"}}
[debug] [2021-04-16T13:21:08.294Z] [update-projects/suhail-f1d6e/locations/us-central1/functions/endpoints] Retrying task index 0
[debug] [2021-04-16T13:21:08.295Z] >>> [apiv2][query] GET https://cloudfunctions.googleapis.com/v1/operations/c3VoYWlsLWYxZDZlL3VzLWNlbnRyYWwxL2VuZHBvaW50cy8wREg2TkllMlp1cw [none]
[debug] [2021-04-16T13:21:08.796Z] <<< [apiv2][status] GET https://cloudfunctions.googleapis.com/v1/operations/c3VoYWlsLWYxZDZlL3VzLWNlbnRyYWwxL2VuZHBvaW50cy8wREg2TkllMlp1cw 200
[debug] [2021-04-16T13:21:08.796Z] <<< [apiv2][body] GET https://cloudfunctions.googleapis.com/v1/operations/c3VoYWlsLWYxZDZlL3VzLWNlbnRyYWwxL2VuZHBvaW50cy8wREg2TkllMlp1cw {"name":"operations/c3VoYWlsLWYxZDZlL3VzLWNlbnRyYWwxL2VuZHBvaW50cy8wREg2TkllMlp1cw","metadata":{"@type":"type.googleapis.com/google.cloud.functions.v1.OperationMetadataV1","target":"projects/suhail-f1d6e/locations/us-central1/functions/endpoints","type":"UPDATE_FUNCTION","request":{"@type":"type.googleapis.com/google.cloud.functions.v1.CloudFunction","name":"projects/suhail-f1d6e/locations/us-central1/functions/endpoints","httpsTrigger":{},"status":"ACTIVE","entryPoint":"endpoints","timeout":"60s","availableMemoryMb":256,"serviceAccountEmail":"suhail-f1d6e@appspot.gserviceaccount.com","updateTime":"2021-04-16T07:40:45.404Z","versionId":"1","labels":{"deployment-tool":"cli-firebase"},"sourceUploadUrl":"https://storage.googleapis.com/gcf-upload-us-central1-bb69f122-4e96-4279-b3d8-6de22b29c5ed/55440830-d0f4-4fc0-b240-2279e350d809.zip?GoogleAccessId=service-1077938571585@gcf-admin-robot.iam.gserviceaccount.com&Expires=1618561173&Signature=nNYLkTu%2FMUkx5wBQVkeKxVNQvSWhAIYoDIXlATUmQ0mQSProB3u%2BzUEJ7gp1%2FXXb5LzqsBp4e3K4XzNoIAffFEIeVH8eJt9VYlilC3osTguHGS2eDQdgqS3yudm5f6gXiiwEybxGy3b2lBPBcBNhwuImofQ0j8d5NrcEdqwcUHLO8KhiZGIxK3fHimQz9jHxhOVuwM60oHA%2FmHNnNlJC%2Ff5B%2FVOFWoBURIRYdJNdyY8uQbPlXhe3I2MLqnbuHzx%2BCmjHLnsfwPYYU7Yc2XQD9dBhLtxtfV8aGZQyoT%2F%2Fu9i%2F%2FwAINj4dBairkKZk3dSUzKlO9%2BgE%2B2MJPHtKWDbNtA%3D%3D","environmentVariables":{"FIREBASE_CONFIG":"{\"projectId\":\"suhail-f1d6e\",\"databaseURL\":\"https://suhail-f1d6e-default-rtdb.firebaseio.com\",\"storageBucket\":\"suhail-f1d6e.appspot.com\",\"locationId\":\"us-central\"}"},"runtime":"nodejs12","ingressSettings":"ALLOW_ALL","buildId":"94c5cdca-3e71-46f2-b8b7-c6ea216cf268"},"versionId":"2","updateTime":"2021-04-16T07:49:35Z","buildId":"4644addc-934f-47ad-b69d-2efe84e9b077"}}
[debug] [2021-04-16T13:22:21.410Z] ----------------------------------------------------------------------
[debug] [2021-04-16T13:22:21.413Z] Command:       /usr/bin/node /usr/bin/firebase deploy
[debug] [2021-04-16T13:22:21.413Z] CLI Version:   9.10.0
[debug] [2021-04-16T13:22:21.413Z] Platform:      linux
[debug] [2021-04-16T13:22:21.414Z] Node Version:  v15.12.0
[debug] [2021-04-16T13:22:21.414Z] Time:          Fri Apr 16 2021 18:52:21 GMT+0530 (India Standard Time)
[debug] [2021-04-16T13:22:21.414Z] ----------------------------------------------------------------------
[debug] 
[debug] [2021-04-16T13:22:21.422Z] > command requires scopes: ["email","openid","https://www.googleapis.com/auth/cloudplatformprojects.readonly","https://www.googleapis.com/auth/firebase","https://www.googleapis.com/auth/cloud-platform"]
[debug] [2021-04-16T13:22:21.422Z] > authorizing via signed-in user (suhail.zahed@gmail.com)
[debug] [2021-04-16T13:22:21.423Z] [iam] checking project suhail-f1d6e for permissions ["cloudfunctions.functions.create","cloudfunctions.functions.delete","cloudfunctions.functions.get","cloudfunctions.functions.list","cloudfunctions.functions.update","cloudfunctions.operations.get","firebase.projects.get"]
[debug] [2021-04-16T13:22:21.425Z] > refreshing access token with scopes: ["email","https://www.googleapis.com/auth/cloud-platform","https://www.googleapis.com/auth/cloudplatformprojects.readonly","https://www.googleapis.com/auth/firebase","openid"]
[debug] [2021-04-16T13:22:21.426Z] >>> HTTP REQUEST POST https://www.googleapis.com/oauth2/v3/token  
 <request body omitted>
[debug] [2021-04-16T13:22:21.630Z] <<< HTTP RESPONSE 200 {"cache-control":"no-cache, no-store, max-age=0, must-revalidate","pragma":"no-cache","date":"Fri, 16 Apr 2021 07:51:23 GMT","expires":"Mon, 01 Jan 1990 00:00:00 GMT","content-type":"application/json; charset=utf-8","vary":"X-Origin, Referer, Origin,Accept-Encoding","server":"scaffolding on HTTPServer2","x-xss-protection":"0","x-frame-options":"SAMEORIGIN","x-content-type-options":"nosniff","alt-svc":"h3-29=\":443\"; ma=2592000,h3-T051=\":443\"; ma=2592000,h3-Q050=\":443\"; ma=2592000,h3-Q046=\":443\"; ma=2592000,h3-Q043=\":443\"; ma=2592000,quic=\":443\"; ma=2592000; v=\"46,43\"","accept-ranges":"none","transfer-encoding":"chunked"}
[debug] [2021-04-16T13:22:21.729Z] >>> HTTP REQUEST POST https://cloudresourcemanager.googleapis.com/v1/projects/suhail-f1d6e:testIamPermissions  
 {"permissions":["cloudfunctions.functions.create","cloudfunctions.functions.delete","cloudfunctions.functions.get","cloudfunctions.functions.list","cloudfunctions.functions.update","cloudfunctions.operations.get","firebase.projects.get"]}
